Collecting poetry==1.8.3
  Downloading poetry-1.8.3-py3-none-any.whl.metadata (6.8 kB)
Collecting build<2.0.0,>=1.0.3 (from poetry==1.8.3)
  Downloading build-1.2.1-py3-none-any.whl.metadata (4.3 kB)
Collecting cachecontrol<0.15.0,>=0.14.0 (from cachecontrol[filecache]<0.15.0,>=0.14.0->poetry==1.8.3)
  Downloading cachecontrol-0.14.0-py3-none-any.whl.metadata (3.1 kB)
Collecting cleo<3.0.0,>=2.1.0 (from poetry==1.8.3)
  Downloading cleo-2.1.0-py3-none-any.whl.metadata (12 kB)
Collecting crashtest<0.5.0,>=0.4.1 (from poetry==1.8.3)
  Downloading crashtest-0.4.1-py3-none-any.whl.metadata (1.1 kB)
Collecting dulwich<0.22.0,>=0.21.2 (from poetry==1.8.3)
  Downloading dulwich-0.21.7-cp312-cp312-macosx_10_9_x86_64.whl.metadata (4.3 kB)
Collecting fastjsonschema<3.0.0,>=2.18.0 (from poetry==1.8.3)
  Downloading fastjsonschema-2.20.0-py3-none-any.whl.metadata (2.1 kB)
Collecting installer<0.8.0,>=0.7.0 (from poetry==1.8.3)
  Downloading installer-0.7.0-py3-none-any.whl.metadata (936 bytes)
Collecting keyring<25.0.0,>=24.0.0 (from poetry==1.8.3)
  Downloading keyring-24.3.1-py3-none-any.whl.metadata (20 kB)
Collecting packaging>=23.1 (from poetry==1.8.3)
  Downloading packaging-24.1-py3-none-any.whl.metadata (3.2 kB)
Collecting pexpect<5.0.0,>=4.7.0 (from poetry==1.8.3)
  Downloading pexpect-4.9.0-py2.py3-none-any.whl.metadata (2.5 kB)
Collecting pkginfo<2.0,>=1.10 (from poetry==1.8.3)
  Downloading pkginfo-1.11.1-py3-none-any.whl.metadata (11 kB)
Collecting platformdirs<5,>=3.0.0 (from poetry==1.8.3)
  Downloading platformdirs-4.2.2-py3-none-any.whl.metadata (11 kB)
Collecting poetry-core==1.9.0 (from poetry==1.8.3)
  Downloading poetry_core-1.9.0-py3-none-any.whl.metadata (3.5 kB)
Collecting poetry-plugin-export<2.0.0,>=1.6.0 (from poetry==1.8.3)
  Downloading poetry_plugin_export-1.8.0-py3-none-any.whl.metadata (2.8 kB)
Collecting pyproject-hooks<2.0.0,>=1.0.0 (from poetry==1.8.3)
  Downloading pyproject_hooks-1.1.0-py3-none-any.whl.metadata (1.3 kB)
Collecting requests<3.0,>=2.26 (from poetry==1.8.3)
  Downloading requests-2.32.3-py3-none-any.whl.metadata (4.6 kB)
Collecting requests-toolbelt<2.0.0,>=1.0.0 (from poetry==1.8.3)
  Downloading requests_toolbelt-1.0.0-py2.py3-none-any.whl.metadata (14 kB)
Collecting shellingham<2.0,>=1.5 (from poetry==1.8.3)
  Downloading shellingham-1.5.4-py2.py3-none-any.whl.metadata (3.5 kB)
Collecting tomlkit<1.0.0,>=0.11.4 (from poetry==1.8.3)
  Downloading tomlkit-0.12.5-py3-none-any.whl.metadata (2.7 kB)
Collecting trove-classifiers>=2022.5.19 (from poetry==1.8.3)
  Downloading trove_classifiers-2024.7.2-py3-none-any.whl.metadata (2.2 kB)
Collecting virtualenv<21.0.0,>=20.23.0 (from poetry==1.8.3)
  Downloading virtualenv-20.26.3-py3-none-any.whl.metadata (4.5 kB)
Collecting xattr<2.0.0,>=1.0.0 (from poetry==1.8.3)
  Downloading xattr-1.1.0-cp312-cp312-macosx_10_9_x86_64.whl.metadata (3.8 kB)
Collecting msgpack<2.0.0,>=0.5.2 (from cachecontrol<0.15.0,>=0.14.0->cachecontrol[filecache]<0.15.0,>=0.14.0->poetry==1.8.3)
  Downloading msgpack-1.0.8-cp312-cp312-macosx_10_9_x86_64.whl.metadata (9.1 kB)
Collecting filelock>=3.8.0 (from cachecontrol[filecache]<0.15.0,>=0.14.0->poetry==1.8.3)
  Downloading filelock-3.15.4-py3-none-any.whl.metadata (2.9 kB)
Collecting rapidfuzz<4.0.0,>=3.0.0 (from cleo<3.0.0,>=2.1.0->poetry==1.8.3)
  Downloading rapidfuzz-3.9.4-cp312-cp312-macosx_10_9_x86_64.whl.metadata (12 kB)
Collecting urllib3>=1.25 (from dulwich<0.22.0,>=0.21.2->poetry==1.8.3)
  Downloading urllib3-2.2.2-py3-none-any.whl.metadata (6.4 kB)
Collecting jaraco.classes (from keyring<25.0.0,>=24.0.0->poetry==1.8.3)
  Downloading jaraco.classes-3.4.0-py3-none-any.whl.metadata (2.6 kB)
Collecting ptyprocess>=0.5 (from pexpect<5.0.0,>=4.7.0->poetry==1.8.3)
  Downloading ptyprocess-0.7.0-py2.py3-none-any.whl.metadata (1.3 kB)
Collecting charset-normalizer<4,>=2 (from requests<3.0,>=2.26->poetry==1.8.3)
  Downloading charset_normalizer-3.3.2-cp312-cp312-macosx_10_9_x86_64.whl.metadata (33 kB)
Collecting idna<4,>=2.5 (from requests<3.0,>=2.26->poetry==1.8.3)
  Downloading idna-3.7-py3-none-any.whl.metadata (9.9 kB)
Collecting certifi>=2017.4.17 (from requests<3.0,>=2.26->poetry==1.8.3)
  Downloading certifi-2024.7.4-py3-none-any.whl.metadata (2.2 kB)
Collecting distlib<1,>=0.3.7 (from virtualenv<21.0.0,>=20.23.0->poetry==1.8.3)
  Downloading distlib-0.3.8-py2.py3-none-any.whl.metadata (5.1 kB)
Collecting cffi>=1.16.0 (from xattr<2.0.0,>=1.0.0->poetry==1.8.3)
  Downloading cffi-1.16.0-cp312-cp312-macosx_10_9_x86_64.whl.metadata (1.5 kB)
Collecting pycparser (from cffi>=1.16.0->xattr<2.0.0,>=1.0.0->poetry==1.8.3)
  Downloading pycparser-2.22-py3-none-any.whl.metadata (943 bytes)
Collecting more-itertools (from jaraco.classes->keyring<25.0.0,>=24.0.0->poetry==1.8.3)
  Downloading more_itertools-10.3.0-py3-none-any.whl.metadata (36 kB)
Downloading poetry-1.8.3-py3-none-any.whl (249 kB)
   ━━━━━━━━━━━━━━━━━━━━━━━━━━━━━━━━━━━━━━━━ 249.9/249.9 kB 7.1 kB/s eta 0:00:00
Downloading poetry_core-1.9.0-py3-none-any.whl (309 kB)
   ━━━━━━━━━━━━━━━━━━━━━━━━━━━━━━━━━━━━━━━━ 309.5/309.5 kB 3.8 kB/s eta 0:00:00
Downloading build-1.2.1-py3-none-any.whl (21 kB)
Downloading cachecontrol-0.14.0-py3-none-any.whl (22 kB)
Downloading cleo-2.1.0-py3-none-any.whl (78 kB)
   ━━━━━━━━━━━━━━━━━━━━━━━━━━━━━━━━━━━━━━━━ 78.7/78.7 kB 9.8 kB/s eta 0:00:00
Downloading crashtest-0.4.1-py3-none-any.whl (7.6 kB)
Downloading dulwich-0.21.7-cp312-cp312-macosx_10_9_x86_64.whl (475 kB)
   ━━━━━━━━━━━━━━━━━━━━━━━━━━━━━━━━━━━━━━━━ 475.7/475.7 kB 7.8 kB/s eta 0:00:00
Downloading fastjsonschema-2.20.0-py3-none-any.whl (23 kB)
Downloading installer-0.7.0-py3-none-any.whl (453 kB)
   ━━━━━━━━━━━━━━━━━━━━━━━━━━━━━━━━━━━━━━━━ 453.8/453.8 kB 14.5 kB/s eta 0:00:00
Downloading keyring-24.3.1-py3-none-any.whl (38 kB)
Downloading packaging-24.1-py3-none-any.whl (53 kB)
   ━━━━━━━━━━━━━━━━━━━━━━━━━━━━━━━━━━━━━━━━ 54.0/54.0 kB 10.8 kB/s eta 0:00:00
Downloading pexpect-4.9.0-py2.py3-none-any.whl (63 kB)
   ━━━━━━━━━━━━━━━━━━━━━━━━━╸               41.0/63.8 kB 13.1 kB/s eta 0:00:02
ERROR: Exception:
Traceback (most recent call last):
  File "/Users/mac/Library/Application Support/pypoetry/venv/lib/python3.12/site-packages/pip/_vendor/urllib3/response.py", line 438, in _error_catcher
    yield
  File "/Users/mac/Library/Application Support/pypoetry/venv/lib/python3.12/site-packages/pip/_vendor/urllib3/response.py", line 561, in read
    data = self._fp_read(amt) if not fp_closed else b""
           ^^^^^^^^^^^^^^^^^^
  File "/Users/mac/Library/Application Support/pypoetry/venv/lib/python3.12/site-packages/pip/_vendor/urllib3/response.py", line 527, in _fp_read
    return self._fp.read(amt) if amt is not None else self._fp.read()
           ^^^^^^^^^^^^^^^^^^
  File "/Users/mac/Library/Application Support/pypoetry/venv/lib/python3.12/site-packages/pip/_vendor/cachecontrol/filewrapper.py", line 98, in read
    data: bytes = self.__fp.read(amt)
                  ^^^^^^^^^^^^^^^^^^^
  File "/usr/local/Cellar/python@3.12/3.12.2_1/Frameworks/Python.framework/Versions/3.12/lib/python3.12/http/client.py", line 479, in read
    s = self.fp.read(amt)
        ^^^^^^^^^^^^^^^^^
  File "/usr/local/Cellar/python@3.12/3.12.2_1/Frameworks/Python.framework/Versions/3.12/lib/python3.12/socket.py", line 707, in readinto
    return self._sock.recv_into(b)
           ^^^^^^^^^^^^^^^^^^^^^^^
  File "/usr/local/Cellar/python@3.12/3.12.2_1/Frameworks/Python.framework/Versions/3.12/lib/python3.12/ssl.py", line 1252, in recv_into
    return self.read(nbytes, buffer)
           ^^^^^^^^^^^^^^^^^^^^^^^^^
  File "/usr/local/Cellar/python@3.12/3.12.2_1/Frameworks/Python.framework/Versions/3.12/lib/python3.12/ssl.py", line 1104, in read
    return self._sslobj.read(len, buffer)
           ^^^^^^^^^^^^^^^^^^^^^^^^^^^^^^
TimeoutError: The read operation timed out

During handling of the above exception, another exception occurred:

Traceback (most recent call last):
  File "/Users/mac/Library/Application Support/pypoetry/venv/lib/python3.12/site-packages/pip/_internal/cli/base_command.py", line 179, in exc_logging_wrapper
    status = run_func(*args)
             ^^^^^^^^^^^^^^^
  File "/Users/mac/Library/Application Support/pypoetry/venv/lib/python3.12/site-packages/pip/_internal/cli/req_command.py", line 67, in wrapper
    return func(self, options, args)
           ^^^^^^^^^^^^^^^^^^^^^^^^^
  File "/Users/mac/Library/Application Support/pypoetry/venv/lib/python3.12/site-packages/pip/_internal/commands/install.py", line 377, in run
    requirement_set = resolver.resolve(
                      ^^^^^^^^^^^^^^^^^
  File "/Users/mac/Library/Application Support/pypoetry/venv/lib/python3.12/site-packages/pip/_internal/resolution/resolvelib/resolver.py", line 179, in resolve
    self.factory.preparer.prepare_linked_requirements_more(reqs)
  File "/Users/mac/Library/Application Support/pypoetry/venv/lib/python3.12/site-packages/pip/_internal/operations/prepare.py", line 554, in prepare_linked_requirements_more
    self._complete_partial_requirements(
  File "/Users/mac/Library/Application Support/pypoetry/venv/lib/python3.12/site-packages/pip/_internal/operations/prepare.py", line 469, in _complete_partial_requirements
    for link, (filepath, _) in batch_download:
  File "/Users/mac/Library/Application Support/pypoetry/venv/lib/python3.12/site-packages/pip/_internal/network/download.py", line 184, in __call__
    for chunk in chunks:
  File "/Users/mac/Library/Application Support/pypoetry/venv/lib/python3.12/site-packages/pip/_internal/cli/progress_bars.py", line 55, in _rich_progress_bar
    for chunk in iterable:
  File "/Users/mac/Library/Application Support/pypoetry/venv/lib/python3.12/site-packages/pip/_internal/network/utils.py", line 63, in response_chunks
    for chunk in response.raw.stream(
  File "/Users/mac/Library/Application Support/pypoetry/venv/lib/python3.12/site-packages/pip/_vendor/urllib3/response.py", line 622, in stream
    data = self.read(amt=amt, decode_content=decode_content)
           ^^^^^^^^^^^^^^^^^^^^^^^^^^^^^^^^^^^^^^^^^^^^^^^^^
  File "/Users/mac/Library/Application Support/pypoetry/venv/lib/python3.12/site-packages/pip/_vendor/urllib3/response.py", line 560, in read
    with self._error_catcher():
  File "/usr/local/Cellar/python@3.12/3.12.2_1/Frameworks/Python.framework/Versions/3.12/lib/python3.12/contextlib.py", line 158, in __exit__
    self.gen.throw(value)
  File "/Users/mac/Library/Application Support/pypoetry/venv/lib/python3.12/site-packages/pip/_vendor/urllib3/response.py", line 443, in _error_catcher
    raise ReadTimeoutError(self._pool, None, "Read timed out.")
pip._vendor.urllib3.exceptions.ReadTimeoutError: HTTPSConnectionPool(host='files.pythonhosted.org', port=443): Read timed out.

Traceback:

  File "<stdin>", line 923, in main
  File "<stdin>", line 560, in run
  File "<stdin>", line 582, in install
  File "<stdin>", line 685, in install_poetry
  File "<stdin>", line 375, in pip
  File "<stdin>", line 372, in python
  File "<stdin>", line 365, in run
